<!DOCTYPE html PUBLIC "-//W3C//DTD XHTML 1.1//EN" "https://www.w3.org/TR/xhtml11/DTD/xhtml11.dtd">
<html xmlns="https://www.w3.org/1999/xhtml">
<head>
<meta http-equiv="content-type" content="text/html; charset=UTF-8"/>
<title>TestNG Report</title>
<style type="text/css">table {margin-bottom:10px;border-collapse:collapse;empty-cells:show}th,td {border:1px solid #009;padding:.25em .5em}th {vertical-align:bottom}td {vertical-align:top}table a {font-weight:bold}.stripe td {background-color: #E6EBF9}.num {text-align:right}.passedodd td {background-color: #3F3}.passedeven td {background-color: #0A0}.skippedodd td {background-color: #DDD}.skippedeven td {background-color: #CCC}.failedodd td,.attn {background-color: #F33}.failedeven td,.stripe .attn {background-color: #D00}.stacktrace {white-space:pre;font-family:monospace}.totop {font-size:85%;text-align:center;border-bottom:2px solid #000}.invisible {display:none}</style>
</head>
<body>
<table>
<tr><th>Test</th><th># Passed</th><th># Skipped</th><th># Retried</th><th># Failed</th><th>Time (ms)</th><th>Included Groups</th><th>Excluded Groups</th></tr>
<tr><th colspan="8">TestSuite</th></tr>
<tr><td><a href="#t0">TestProject with chrome: Place Order</a></td><td class="num">4</td><td class="num">0</td><td class="num">0</td><td class="num attn">1</td><td class="num">219,170</td><td></td><td></td></tr>
<tr class="stripe"><td><a href="#t1">TestProject with edge: Place Order</a></td><td class="num">4</td><td class="num">0</td><td class="num">0</td><td class="num attn">1</td><td class="num">287,462</td><td></td><td></td></tr>
<tr><td><a href="#t2">TestProject with chrome: Find built-in gas stove</a></td><td class="num">2</td><td class="num">0</td><td class="num">0</td><td class="num">0</td><td class="num">36,605</td><td></td><td></td></tr>
<tr class="stripe"><td><a href="#t3">TestProject with FireFox: Find built-in gas stove</a></td><td class="num">2</td><td class="num">0</td><td class="num">0</td><td class="num">0</td><td class="num">43,221</td><td></td><td></td></tr>
<tr><th>Total</th><th class="num">12</th><th class="num">0</th><th class="num">0</th><th class="num attn">2</th><th class="num">586,458</th><th colspan="2"></th></tr>
</table>
<table id='summary'><thead><tr><th>Class</th><th>Method</th><th>Start</th><th>Time (ms)</th></tr></thead><tbody><tr><th colspan="4">TestSuite</th></tr></tbody><tbody id="t0"><tr><th colspan="4">TestProject with chrome: Place Order &#8212; failed</th></tr><tr class="failedeven"><td rowspan="1">automation.testsuite.TestHomePage</td><td><a href="#m0">placeOrderWithWrongPhone</a></td><td rowspan="1">1750841246229</td><td rowspan="1">43606</td></tr><tr><th colspan="4">TestProject with chrome: Place Order &#8212; passed</th></tr><tr class="passedeven"><td rowspan="4">automation.testsuite.TestHomePage</td><td><a href="#m1">placeOrderWithoutInfo_BepTu</a></td><td rowspan="1">1750841090828</td><td rowspan="1">17512</td></tr><tr class="passedeven"><td><a href="#m2">placeOrderWithoutName</a></td><td rowspan="1">1750841188847</td><td rowspan="1">15718</td></tr><tr class="passedeven"><td><a href="#m3">placeOrderWithoutPhone</a></td><td rowspan="1">1750841219529</td><td rowspan="1">13460</td></tr><tr class="passedeven"><td><a href="#m4">placeOrderWithoutPhoneAndAdress</a></td><td rowspan="1">1750841134927</td><td rowspan="1">14798</td></tr></tbody>
<tbody id="t1"><tr><th colspan="4">TestProject with edge: Place Order &#8212; failed</th></tr><tr class="failedeven"><td rowspan="1">automation.testsuite.TestHomePage</td><td><a href="#m5">placeOrderWithWrongPhone</a></td><td rowspan="1">1750841532630</td><td rowspan="1">43574</td></tr><tr><th colspan="4">TestProject with edge: Place Order &#8212; passed</th></tr><tr class="passedeven"><td rowspan="4">automation.testsuite.TestHomePage</td><td><a href="#m6">placeOrderWithoutInfo_BepTu</a></td><td rowspan="1">1750841334461</td><td rowspan="1">14460</td></tr><tr class="passedeven"><td><a href="#m7">placeOrderWithoutName</a></td><td rowspan="1">1750841429887</td><td rowspan="1">14529</td></tr><tr class="passedeven"><td><a href="#m8">placeOrderWithoutPhone</a></td><td rowspan="1">1750841484711</td><td rowspan="1">14124</td></tr><tr class="passedeven"><td><a href="#m9">placeOrderWithoutPhoneAndAdress</a></td><td rowspan="1">1750841373287</td><td rowspan="1">13614</td></tr></tbody>
<tbody id="t2"><tr><th colspan="4">TestProject with chrome: Find built-in gas stove &#8212; passed</th></tr><tr class="passedeven"><td rowspan="2">automation.testsuite.FindBepGasProd</td><td><a href="#m10">FindProEngland</a></td><td rowspan="1">1750841590463</td><td rowspan="1">4865</td></tr><tr class="passedeven"><td><a href="#m11">FindProd</a></td><td rowspan="1">1750841608209</td><td rowspan="1">3565</td></tr></tbody>
<tbody id="t3"><tr><th colspan="4">TestProject with FireFox: Find built-in gas stove &#8212; passed</th></tr><tr class="passedeven"><td rowspan="2">automation.testsuite.FindBepGasProd</td><td><a href="#m12">FindProEngland</a></td><td rowspan="1">1750841630062</td><td rowspan="1">5468</td></tr><tr class="passedeven"><td><a href="#m13">FindProd</a></td><td rowspan="1">1750841651409</td><td rowspan="1">3577</td></tr></tbody>
</table>
<h2>TestProject with chrome: Place Order</h2><h3 id="m0">automation.testsuite.TestHomePage#placeOrderWithWrongPhone</h3><table class="result"><tr><th>Exception</th></tr><tr><td><div class="stacktrace">org.openqa.selenium.TimeoutException: Expected condition failed: waiting for visibility of element located by By.xpath: //small[normalize-space() = &apos;Số điện thoại không hợp lệ&apos;] (tried for 30 second(s) with 500 milliseconds interval)
Build info: version: &apos;4.31.0&apos;, revision: &apos;1ef9f18787*&apos;
System info: os.name: &apos;Windows 11&apos;, os.arch: &apos;amd64&apos;, os.version: &apos;10.0&apos;, java.version: &apos;21.0.6&apos;
Driver info: org.openqa.selenium.chrome.ChromeDriver
Capabilities {acceptInsecureCerts: false, browserName: chrome, browserVersion: 138.0.7204.50, chrome: {chromedriverVersion: 138.0.7204.49 (d2b48fd5f781..., userDataDir: C:\Users\admin\AppData\Loca...}, fedcm:accounts: true, goog:chromeOptions: {debuggerAddress: localhost:60760}, networkConnectionEnabled: false, pageLoadStrategy: normal, platformName: windows, proxy: Proxy(), se:cdp: ws://localhost:60760/devtoo..., se:cdpVersion: 138.0.7204.50, setWindowRect: true, strictFileInteractability: false, timeouts: {implicit: 0, pageLoad: 300000, script: 30000}, unhandledPromptBehavior: dismiss and notify, webauthn:extension:credBlob: true, webauthn:extension:largeBlob: true, webauthn:extension:minPinLength: true, webauthn:extension:prf: true, webauthn:virtualAuthenticators: true}
Session ID: a880cbaeb04ef396bcd04538d236bf97
	at org.openqa.selenium.support.ui.WebDriverWait.timeoutException(WebDriverWait.java:84)
	at org.openqa.selenium.support.ui.FluentWait.until(FluentWait.java:228)
	at automation.common.CommonBase.getElementVisibility(CommonBase.java:108)
	at automation.common.CommonBase.isVisibility(CommonBase.java:137)
	at automation.testsuite.TestHomePage.placeOrderWithWrongPhone(TestHomePage.java:80)
	at java.base/java.util.ArrayList.forEach(ArrayList.java:1596)
... Removed 25 stack frames</div></td></tr></table><p class="totop"><a href="#summary">back to summary</a></p>
<h3 id="m1">automation.testsuite.TestHomePage#placeOrderWithoutInfo_BepTu</h3><table class="result"><tr><th class="invisible"/></tr></table><p class="totop"><a href="#summary">back to summary</a></p>
<h3 id="m2">automation.testsuite.TestHomePage#placeOrderWithoutName</h3><table class="result"><tr><th class="invisible"/></tr></table><p class="totop"><a href="#summary">back to summary</a></p>
<h3 id="m3">automation.testsuite.TestHomePage#placeOrderWithoutPhone</h3><table class="result"><tr><th class="invisible"/></tr></table><p class="totop"><a href="#summary">back to summary</a></p>
<h3 id="m4">automation.testsuite.TestHomePage#placeOrderWithoutPhoneAndAdress</h3><table class="result"><tr><th class="invisible"/></tr></table><p class="totop"><a href="#summary">back to summary</a></p>
<h2>TestProject with edge: Place Order</h2><h3 id="m5">automation.testsuite.TestHomePage#placeOrderWithWrongPhone</h3><table class="result"><tr><th>Exception</th></tr><tr><td><div class="stacktrace">org.openqa.selenium.TimeoutException: Expected condition failed: waiting for visibility of element located by By.xpath: //small[normalize-space() = &apos;Số điện thoại không hợp lệ&apos;] (tried for 30 second(s) with 500 milliseconds interval)
Build info: version: &apos;4.31.0&apos;, revision: &apos;1ef9f18787*&apos;
System info: os.name: &apos;Windows 11&apos;, os.arch: &apos;amd64&apos;, os.version: &apos;10.0&apos;, java.version: &apos;21.0.6&apos;
Driver info: org.openqa.selenium.edge.EdgeDriver
Capabilities {acceptInsecureCerts: false, browserName: MicrosoftEdge, browserVersion: 137.0.3296.93, fedcm:accounts: true, ms:edgeOptions: {debuggerAddress: localhost:61793}, msedge: {msedgedriverVersion: 137.0.3296.93 (114b4a913acd..., userDataDir: C:\Users\admin\AppData\Loca...}, networkConnectionEnabled: false, pageLoadStrategy: normal, platformName: windows, proxy: Proxy(), se:cdp: ws://localhost:61793/devtoo..., se:cdpVersion: 137.0.3296.93, setWindowRect: true, strictFileInteractability: false, timeouts: {implicit: 0, pageLoad: 300000, script: 30000}, unhandledPromptBehavior: dismiss and notify, webauthn:extension:credBlob: true, webauthn:extension:largeBlob: true, webauthn:extension:minPinLength: true, webauthn:extension:prf: true, webauthn:virtualAuthenticators: true}
Session ID: 116637cee373a8f13cbd8d24d44754b1
	at org.openqa.selenium.support.ui.WebDriverWait.timeoutException(WebDriverWait.java:84)
	at org.openqa.selenium.support.ui.FluentWait.until(FluentWait.java:228)
	at automation.common.CommonBase.getElementVisibility(CommonBase.java:108)
	at automation.common.CommonBase.isVisibility(CommonBase.java:137)
	at automation.testsuite.TestHomePage.placeOrderWithWrongPhone(TestHomePage.java:80)
	at java.base/java.util.ArrayList.forEach(ArrayList.java:1596)
... Removed 25 stack frames</div></td></tr></table><p class="totop"><a href="#summary">back to summary</a></p>
<h3 id="m6">automation.testsuite.TestHomePage#placeOrderWithoutInfo_BepTu</h3><table class="result"><tr><th class="invisible"/></tr></table><p class="totop"><a href="#summary">back to summary</a></p>
<h3 id="m7">automation.testsuite.TestHomePage#placeOrderWithoutName</h3><table class="result"><tr><th class="invisible"/></tr></table><p class="totop"><a href="#summary">back to summary</a></p>
<h3 id="m8">automation.testsuite.TestHomePage#placeOrderWithoutPhone</h3><table class="result"><tr><th class="invisible"/></tr></table><p class="totop"><a href="#summary">back to summary</a></p>
<h3 id="m9">automation.testsuite.TestHomePage#placeOrderWithoutPhoneAndAdress</h3><table class="result"><tr><th class="invisible"/></tr></table><p class="totop"><a href="#summary">back to summary</a></p>
<h2>TestProject with chrome: Find built-in gas stove</h2><h3 id="m10">automation.testsuite.FindBepGasProd#FindProEngland</h3><table class="result"><tr><th class="invisible"/></tr></table><p class="totop"><a href="#summary">back to summary</a></p>
<h3 id="m11">automation.testsuite.FindBepGasProd#FindProd</h3><table class="result"><tr><th class="invisible"/></tr></table><p class="totop"><a href="#summary">back to summary</a></p>
<h2>TestProject with FireFox: Find built-in gas stove</h2><h3 id="m12">automation.testsuite.FindBepGasProd#FindProEngland</h3><table class="result"><tr><th class="invisible"/></tr></table><p class="totop"><a href="#summary">back to summary</a></p>
<h3 id="m13">automation.testsuite.FindBepGasProd#FindProd</h3><table class="result"><tr><th class="invisible"/></tr></table><p class="totop"><a href="#summary">back to summary</a></p>
</body>
</html>
